<?xml version="1.0" encoding="utf-8"?><testsuites name="pytest tests"><testsuite name="pytest" errors="0" failures="0" skipped="0" tests="447" time="20.804" timestamp="2026-06-30T14:36:36.904767+09:00" hostname="raspberrypi"><testcase classname="tests.test_config.TestConfigFiles" name="test_R01_gate_config_exists" time="0.002" /><testcase classname="tests.test_config.TestConfigFiles" name="test_R01_gate_config_valid_json" time="0.001" /><testcase classname="tests.test_config.TestConfigFiles" name="test_R04_outlook_config_exists" time="0.001" /><testcase classname="tests.test_config.TestConfigFiles" name="test_R04_outlook_config_valid_json" time="0.001" /><testcase classname="tests.test_config.TestConfigFiles" name="test_R04_calendar_data_exists" time="0.001" /><testcase classname="tests.test_config.TestConfigFiles" name="test_R04_calendar_data_valid_structure" time="0.001" /><testcase classname="tests.test_config.TestConfigFiles" name="test_R05_stt_config_exists" time="0.001" /><testcase classname="tests.test_config.TestConfigFiles" name="test_R05_stt_config_valid_json" time="0.001" /><testcase classname="tests.test_go_now_v2.TestAnalyzeBlendshapes" name="test_G01_calibrating_returns_neutral_uncalibrated" time="0.001" /><testcase classname="tests.test_go_now_v2.TestAnalyzeBlendshapes" name="test_G01_happy_detected" time="0.001" /><testcase classname="tests.test_go_now_v2.TestAnalyzeBlendshapes" name="test_G01_angry_detected" time="0.001" /><testcase classname="tests.test_go_now_v2.TestAnalyzeBlendshapes" name="test_G01_neutral_when_no_signal" time="0.001" /><testcase classname="tests.test_go_now_v2.TestAnalyzeBlendshapes" name="test_G01_blink_suppresses_anger" time="0.001" /><testcase classname="tests.test_go_now_v2.TestAnalyzeBlendshapes" name="test_G01_disable_learning_locks_immediately" time="0.001" /><testcase classname="tests.test_go_now_v2.TestBsUpdateBaseline" name="test_G02_locked_baseline_not_updated" time="0.001" /><testcase classname="tests.test_go_now_v2.TestBsUpdateBaseline" name="test_G02_appends_until_calib_min" time="0.006" /><testcase classname="tests.test_go_now_v2.TestBsUpdateBaseline" name="test_G02_locks_when_buffer_full" time="0.286" /><testcase classname="tests.test_go_now_v2.TestBsUpdateBaseline" name="test_G02_anger_freezes_learning" time="0.001" /><testcase classname="tests.test_go_now_v2.TestGeometricAU" name="test_G03_features_none_for_degenerate_face" time="0.002" /><testcase classname="tests.test_go_now_v2.TestGeometricAU" name="test_G03_features_dict_for_valid_face" time="0.002" /><testcase classname="tests.test_go_now_v2.TestGeometricAU" name="test_G03_geometric_returns_neutral_for_degenerate" time="0.001" /><testcase classname="tests.test_go_now_v2.TestGeometricAU" name="test_G03_geometric_calibrating" time="0.002" /><testcase classname="tests.test_go_now_v2.TestGeometricAU" name="test_G03_geometric_calibrated_after_enough_frames" time="0.022" /><testcase classname="tests.test_go_now_v2.TestEnsembleEmotions" name="test_G04_both_uncalibrated" time="0.001" /><testcase classname="tests.test_go_now_v2.TestEnsembleEmotions" name="test_G04_first_uncalibrated_uses_second" time="0.001" /><testcase classname="tests.test_go_now_v2.TestEnsembleEmotions" name="test_G04_second_uncalibrated_uses_first" time="0.001" /><testcase classname="tests.test_go_now_v2.TestEnsembleEmotions" name="test_G04_neutral_yields_to_emotion" time="0.001" /><testcase classname="tests.test_go_now_v2.TestEnsembleEmotions" name="test_G04_same_emotion_boosts_confidence" time="0.001" /><testcase classname="tests.test_go_now_v2.TestEnsembleEmotions" name="test_G04_conflict_takes_higher_confidence" time="0.001" /><testcase classname="tests.test_go_now_v2.TestIsFrontalFace" name="test_G05_frontal_true" time="0.001" /><testcase classname="tests.test_go_now_v2.TestIsFrontalFace" name="test_G05_yaw_off_returns_false" time="0.002" /><testcase classname="tests.test_go_now_v2.TestIsFrontalFace" name="test_G05_pitch_off_returns_false" time="0.001" /><testcase classname="tests.test_go_now_v2.TestIsFrontalFace" name="test_G05_degenerate_width_false" time="0.002" /><testcase classname="tests.test_go_now_v2.TestIsFrontalFace" name="test_G05_degenerate_height_false" time="0.002" /><testcase classname="tests.test_go_now_v2.TestRendering" name="test_G06_draw_bar_modifies_image" time="0.001" /><testcase classname="tests.test_go_now_v2.TestRendering" name="test_G06_draw_bar_zero_pct" time="0.001" /><testcase classname="tests.test_go_now_v2.TestRendering" name="test_G06_apply_overlays_empty_returns_same" time="0.001" /><testcase classname="tests.test_go_now_v2.TestRendering" name="test_G06_apply_overlays_text" time="0.001" /><testcase classname="tests.test_go_now_v2.TestRendering" name="test_G06_apply_overlays_pil_path" time="0.002" /><testcase classname="tests.test_go_now_v2.TestAuUpdateBaseline" name="test_G03b_locked_not_updated" time="0.001" /><testcase classname="tests.test_go_now_v2.TestAuUpdateBaseline" name="test_G03b_disable_learning_locks_immediately" time="0.001" /><testcase classname="tests.test_go_now_v2.TestAuUpdateBaseline" name="test_G03b_anger_freezes_learning" time="0.001" /><testcase classname="tests.test_go_now_v2.TestAuUpdateBaseline" name="test_G03b_locks_when_buffer_full" time="0.067" /><testcase classname="tests.test_go_now_v2.TestGeometricEmotionBranches" name="test_G03c_happy" time="0.001" /><testcase classname="tests.test_go_now_v2.TestGeometricEmotionBranches" name="test_G03c_angry" time="0.001" /><testcase classname="tests.test_go_now_v2.TestGeometricEmotionBranches" name="test_G03c_eye_closed_suppresses" time="0.001" /><testcase classname="tests.test_go_now_v2.TestGeometricEmotionBranches" name="test_G03c_neutral" time="0.001" /><testcase classname="tests.test_go_now_v2.TestFaceAbsence" name="test_G07_face_detected_resets" time="0.001" /><testcase classname="tests.test_go_now_v2.TestFaceAbsence" name="test_G07_absent_after_timeout" time="0.001" /><testcase classname="tests.test_go_now_v2.TestFaceAbsence" name="test_G07_not_absent_before_timeout" time="0.001" /><testcase classname="tests.test_go_now_v2.TestWindowEmotion" name="test_G08_none_when_empty" time="0.001" /><testcase classname="tests.test_go_now_v2.TestWindowEmotion" name="test_G08_none_when_not_enough_elapsed" time="0.001" /><testcase classname="tests.test_go_now_v2.TestWindowEmotion" name="test_G08_anger_ratio" time="0.001" /><testcase classname="tests.test_go_now_v2.TestWindowEmotion" name="test_G08_happy_ratio" time="0.001" /><testcase classname="tests.test_go_now_v2.TestWindowEmotion" name="test_G08_neutral_default" time="0.001" /><testcase classname="tests.test_go_now_v2.TestJsonAndEvents" name="test_G09_load_missing_returns_empty" time="0.004" /><testcase classname="tests.test_go_now_v2.TestJsonAndEvents" name="test_G09_save_then_load" time="0.002" /><testcase classname="tests.test_go_now_v2.TestJsonAndEvents" name="test_G09_load_corrupt_returns_empty" time="0.002" /><testcase classname="tests.test_go_now_v2.TestJsonAndEvents" name="test_G09_next_event_within_1h" time="0.005" /><testcase classname="tests.test_go_now_v2.TestJsonAndEvents" name="test_G09_next_event_none_when_far" time="0.002" /><testcase classname="tests.test_go_now_v2.TestJsonAndEvents" name="test_G09_next_event_skips_other_date_and_bad_time" time="0.002" /><testcase classname="tests.test_go_now_v2.TestOpenCamera" name="test_G09b_first_index_success" time="0.003" /><testcase classname="tests.test_go_now_v2.TestOpenCamera" name="test_G09b_gstreamer_fallback" time="0.005" /><testcase classname="tests.test_go_now_v2.TestOpenCamera" name="test_G09b_all_fail_raises" time="0.004" /><testcase classname="tests.test_go_now_v2.TestOpenCamera" name="test_G09b_warmup_exhausted_then_gstreamer_fails" time="0.009" /><testcase classname="tests.test_go_now_v2.TestMjpegGenerator" name="test_G10_first_chunks_are_multipart" time="0.002" /><testcase classname="tests.test_go_now_v2.TestStaticRoutes" name="test_G11_index_serves_dashboard" time="0.013" /><testcase classname="tests.test_go_now_v2.TestStaticRoutes" name="test_G11_dashboard_integrated" time="0.002" /><testcase classname="tests.test_go_now_v2.TestStaticRoutes" name="test_G11_video_feed_response" time="0.001" /><testcase classname="tests.test_go_now_v2.TestRecalibrate" name="test_G12_recalibrate_clears_state" time="0.002" /><testcase classname="tests.test_go_now_v2.TestStatusRoute" name="test_G13_face_absent" time="0.002" /><testcase classname="tests.test_go_now_v2.TestStatusRoute" name="test_G13_realtime_anger_red" time="0.002" /><testcase classname="tests.test_go_now_v2.TestStatusRoute" name="test_G13_realtime_green_when_no_event" time="0.002" /><testcase classname="tests.test_go_now_v2.TestStatusRoute" name="test_G13_realtime_orange_with_event" time="0.002" /><testcase classname="tests.test_go_now_v2.TestStatusRoute" name="test_G13_window_measuring" time="0.002" /><testcase classname="tests.test_go_now_v2.TestStatusRoute" name="test_G13_window_emotion" time="0.002" /><testcase classname="tests.test_go_now_v2.TestEmotionHistoryRoute" name="test_G14_returns_recent_only" time="0.002" /><testcase classname="tests.test_go_now_v2.TestEmotionHistoryRoute" name="test_G14_minutes_clamped" time="0.002" /><testcase classname="tests.test_go_now_v2.TestRadarRoutes" name="test_G15_signals_ok" time="0.003" /><testcase classname="tests.test_go_now_v2.TestRadarRoutes" name="test_G15_signals_unavailable" time="0.002" /><testcase classname="tests.test_go_now_v2.TestRadarRoutes" name="test_G15_add_sigh_ok" time="0.004" /><testcase classname="tests.test_go_now_v2.TestRadarRoutes" name="test_G15_add_sigh_blocked_when_absent" time="0.002" /><testcase classname="tests.test_go_now_v2.TestRadarRoutes" name="test_G15_add_speech_emotion_ok" time="0.003" /><testcase classname="tests.test_go_now_v2.TestRadarRoutes" name="test_G15_add_speech_emotion_requires_emotion" time="0.002" /><testcase classname="tests.test_go_now_v2.TestRadarRoutes" name="test_G15_speech_heartbeat" time="0.003" /><testcase classname="tests.test_go_now_v2.TestRadarRoutes" name="test_G15_radar_status" time="0.003" /><testcase classname="tests.test_go_now_v2.TestDeviceStatus" name="test_G16_device_status" time="0.003" /><testcase classname="tests.test_go_now_v2.TestDeviceStatus" name="test_G16_device_status_radar_unavailable" time="0.002" /><testcase classname="tests.test_go_now_v2.TestSpeechCalibRoutes" name="test_G17_recalibrate_sets_flag" time="0.002" /><testcase classname="tests.test_go_now_v2.TestSpeechCalibRoutes" name="test_G17_recalib_flag_get_and_clear" time="0.002" /><testcase classname="tests.test_go_now_v2.TestSpeechCalibRoutes" name="test_G17_calib_status_post_then_get" time="0.003" /><testcase classname="tests.test_go_now_v2.TestOutlookRoutes" name="test_G18_sync_ok" time="0.002" /><testcase classname="tests.test_go_now_v2.TestOutlookRoutes" name="test_G18_sync_unavailable" time="0.002" /><testcase classname="tests.test_go_now_v2.TestOutlookRoutes" name="test_G18_sync_status" time="0.002" /><testcase classname="tests.test_go_now_v2.TestOutlookRoutes" name="test_G18_sync_status_unavailable" time="0.002" /><testcase classname="tests.test_go_now_v2.TestCalendarRoutes" name="test_G19_get_empty" time="0.003" /><testcase classname="tests.test_go_now_v2.TestCalendarRoutes" name="test_G19_post_creates" time="0.004" /><testcase classname="tests.test_go_now_v2.TestCalendarRoutes" name="test_G19_put_updates" time="0.005" /><testcase classname="tests.test_go_now_v2.TestCalendarRoutes" name="test_G19_delete" time="0.005" /><testcase classname="tests.test_go_now_v2.TestCalendarRoutes" name="test_G19_put_second_item_skips_first" time="0.006" /><testcase classname="tests.test_go_now_v2.TestCalendarRoutes" name="test_G19_put_nonexistent_id_no_match" time="0.004" /><testcase classname="tests.test_go_now_v2.TestApprovalRoutes" name="test_G20_get_empty" time="0.003" /><testcase classname="tests.test_go_now_v2.TestApprovalRoutes" name="test_G20_post_creates" time="0.003" /><testcase classname="tests.test_go_now_v2.TestApprovalRoutes" name="test_G20_put_updates" time="0.005" /><testcase classname="tests.test_go_now_v2.TestApprovalRoutes" name="test_G20_delete" time="0.005" /><testcase classname="tests.test_go_now_v2.TestApprovalRoutes" name="test_G20_put_second_item_skips_first" time="0.006" /><testcase classname="tests.test_go_now_v2.TestApprovalRoutes" name="test_G20_put_nonexistent_id_no_match" time="0.004" /><testcase classname="tests.test_go_now_v2.TestRouteErrorPaths" name="test_G22_signals_processor_error_500" time="0.003" /><testcase classname="tests.test_go_now_v2.TestRouteErrorPaths" name="test_G22_add_sigh_unavailable_503" time="0.002" /><testcase classname="tests.test_go_now_v2.TestRouteErrorPaths" name="test_G22_add_sigh_processor_error_400" time="0.004" /><testcase classname="tests.test_go_now_v2.TestRouteErrorPaths" name="test_G22_add_speech_unavailable_503" time="0.002" /><testcase classname="tests.test_go_now_v2.TestRouteErrorPaths" name="test_G22_add_speech_blocked_423" time="0.002" /><testcase classname="tests.test_go_now_v2.TestRouteErrorPaths" name="test_G22_add_speech_value_error_400" time="0.003" /><testcase classname="tests.test_go_now_v2.TestRouteErrorPaths" name="test_G22_add_speech_generic_error_500" time="0.003" /><testcase classname="tests.test_go_now_v2.TestRouteErrorPaths" name="test_G22_speech_heartbeat_unavailable_503" time="0.002" /><testcase classname="tests.test_go_now_v2.TestRouteErrorPaths" name="test_G22_speech_heartbeat_blocked_423" time="0.002" /><testcase classname="tests.test_go_now_v2.TestRouteErrorPaths" name="test_G22_speech_heartbeat_error_500" time="0.003" /><testcase classname="tests.test_go_now_v2.TestRouteErrorPaths" name="test_G22_radar_status_unavailable_503" time="0.002" /><testcase classname="tests.test_go_now_v2.TestRouteErrorPaths" name="test_G22_radar_status_error_500" time="0.003" /><testcase classname="tests.test_go_now_v2.TestRouteErrorPaths" name="test_G22_device_status_swallows_error" time="0.003" /><testcase classname="tests.test_go_now_v2.TestRouteErrorPaths" name="test_G22_outlook_sync_timeout_202" time="0.002" /><testcase classname="tests.test_go_now_v2.TestRouteErrorPaths" name="test_G22_outlook_sync_failure_500" time="0.002" /><testcase classname="tests.test_go_now_v2.TestRouteErrorPaths" name="test_G22_recalib_flag_not_set" time="0.002" /><testcase classname="tests.test_go_now_v2.TestCameraLoop" name="test_G21_open_failure_returns" time="0.001" /><testcase classname="tests.test_go_now_v2.TestCameraLoop" name="test_G21_no_face_absent_overlay" time="0.019" /><testcase classname="tests.test_go_now_v2.TestCameraLoop" name="test_G21_face_not_frontal" time="0.021" /><testcase classname="tests.test_go_now_v2.TestCameraLoop" name="test_G21_calibrating_overlay" time="0.020" /><testcase classname="tests.test_go_now_v2.TestCameraLoop" name="test_G21_calibrated_anger_records_history" time="0.025" /><testcase classname="tests.test_go_now_v2.TestCameraLoop" name="test_G21_calibrated_neutral" time="0.019" /><testcase classname="tests.test_go_now_v2.TestCameraLoop" name="test_G21_blendshape_tier1_path" time="0.026" /><testcase classname="tests.test_go_now_v2.TestCameraLoop" name="test_G21_tier1_detect_exception_swallowed" time="0.026" /><testcase classname="tests.test_go_now_v2.TestCameraLoop" name="test_G21_radar_add_expression_exception_swallowed" time="0.021" /><testcase classname="tests.test_go_now_v2.TestCameraLoop" name="test_G21_recovers_from_absent" time="0.017" /><testcase classname="tests.test_go_now_v2.TestCameraLoop" name="test_G21_record_without_radar" time="0.020" /><testcase classname="tests.test_go_now_v2.TestCameraLoop" name="test_G21_blendshape_empty_result" time="0.027" /><testcase classname="tests.test_go_now_v2.TestCameraLoop" name="test_G21_landmarker_close_exception" time="0.023" /><testcase classname="tests.test_go_now_v2.TestCameraLoop" name="test_G21_imencode_failure_branches" time="0.011" /><testcase classname="tests.test_go_now_v2.TestCameraLoop" name="test_G21_imencode_failure_not_frontal" time="0.011" /><testcase classname="tests.test_go_now_v2.TestCameraLoop" name="test_G21_imencode_failure_calibrating" time="0.009" /><testcase classname="tests.test_go_now_v2.TestMain" name="test_G23_main_bootstraps_without_blocking" time="0.001" /><testcase classname="tests.test_go_now_v2.TestMain" name="test_G23_main_socket_failure_fallback" time="0.001" /><testcase classname="tests.test_go_now_v2.TestMain" name="test_G23_main_without_outlook" time="0.001" /><testcase classname="tests.test_go_now_v2.TestInitFaceLandmarker" name="test_G24_no_model_file_noop" time="0.001" /><testcase classname="tests.test_go_now_v2.TestInitFaceLandmarker" name="test_G24_success_activates_blendshapes" time="0.001" /><testcase classname="tests.test_go_now_v2.TestInitFaceLandmarker" name="test_G24_init_failure_falls_back" time="0.001" /><testcase classname="tests.test_go_now_v2.TestImportTimeFallbacks" name="test_G25_radar_import_fallback" time="0.026" /><testcase classname="tests.test_go_now_v2.TestImportTimeFallbacks" name="test_G25_outlook_import_fallback" time="0.026" /><testcase classname="tests.test_go_now_v2.TestImportTimeFallbacks" name="test_G25_font_loaded_path" time="0.027" /><testcase classname="tests.test_go_now_v2.TestImportTimeFallbacks" name="test_G25_pil_import_fallback" time="0.026" /><testcase classname="tests.test_go_now_v2.TestImportTimeFallbacks" name="test_G25_blendshapes_active_skips_notice" time="0.026" /><testcase classname="tests.test_mic_agent.TestNormKo" name="test_R02_norm_ko_removes_spaces" time="0.002" /><testcase classname="tests.test_mic_agent.TestNormKo" name="test_R02_norm_ko_removes_punctuation" time="0.001" /><testcase classname="tests.test_mic_agent.TestNormKo" name="test_R02_norm_ko_empty_string" time="0.001" /><testcase classname="tests.test_mic_agent.TestNormKo" name="test_R02_norm_ko_mixed" time="0.001" /><testcase classname="tests.test_mic_agent.TestCER" name="test_R02_cer_identical_is_zero" time="0.001" /><testcase classname="tests.test_mic_agent.TestCER" name="test_R02_cer_both_empty_is_zero" time="0.001" /><testcase classname="tests.test_mic_agent.TestCER" name="test_R02_cer_empty_ref_nonempty_hyp" time="0.001" /><testcase classname="tests.test_mic_agent.TestCER" name="test_R02_cer_nonnegative" time="0.001" /><testcase classname="tests.test_mic_agent.TestCER" name="test_R02_cer_partial_match_nonzero" time="0.001" /><testcase classname="tests.test_mic_agent.TestLoadSttConfig" name="test_R05_nonexistent_falls_back_to_default" time="0.001" /><testcase classname="tests.test_mic_agent.TestLoadSttConfig" name="test_R05_valid_file_returns_dict" time="0.001" /><testcase classname="tests.test_mic_agent.TestLoadSttConfig" name="test_R05_valid_file_returns_path" time="0.001" /><testcase classname="tests.test_mic_agent.TestLoadGateConfig" name="test_R01_nonexistent_falls_back_to_default" time="0.003" /><testcase classname="tests.test_mic_agent.TestLoadGateConfig" name="test_R01_valid_file_returns_dict" time="0.001" /><testcase classname="tests.test_mic_agent.TestLoadGateConfig" name="test_R01_valid_file_returns_path" time="0.001" /><testcase classname="tests.test_mic_agent.TestAudioConstants" name="test_R02_sample_rate_16000" time="0.001" /><testcase classname="tests.test_mic_agent.TestAudioConstants" name="test_R02_frame_ms_30" time="0.001" /><testcase classname="tests.test_mic_agent.TestAudioConstants" name="test_R02_frame_samples_480" time="0.001" /><testcase classname="tests.test_mic_agent.TestAudioConstants" name="test_R02_sigh_threshold_in_range" time="0.001" /><testcase classname="tests.test_mic_agent.TestAudioConstants" name="test_R02_sigh_cooldown_positive" time="0.001" /><testcase classname="tests.test_mic_agent.TestAudioConstants" name="test_R02_emotions_6_classes" time="0.001" /><testcase classname="tests.test_mic_agent.TestAudioConstants" name="test_R02_emotions_expected_labels" time="0.001" /><testcase classname="tests.test_mic_agent.TestAudioConstants" name="test_R02_sigh_keywords_nonempty" time="0.001" /><testcase classname="tests.test_mic_agent.TestPost" name="test_R02_post_200_returns_true" time="0.003" /><testcase classname="tests.test_mic_agent.TestPost" name="test_R02_post_299_returns_true" time="0.073" /><testcase classname="tests.test_mic_agent.TestPost" name="test_R02_post_300_returns_false" time="0.002" /><testcase classname="tests.test_mic_agent.TestPost" name="test_R02_post_exception_returns_false" time="0.002" /><testcase classname="tests.test_mic_agent.TestPost" name="test_R02_post_logs_on_first_failure" time="0.002" /><testcase classname="tests.test_mic_agent.TestPost" name="test_R02_post_rate_limits_repeated_log" time="0.002" /><testcase classname="tests.test_mic_agent.TestPutDropOldest" name="test_R02_put_when_empty" time="0.001" /><testcase classname="tests.test_mic_agent.TestPutDropOldest" name="test_R02_drops_oldest_when_full" time="0.001" /><testcase classname="tests.test_mic_agent.TestPutDropOldest" name="test_R02_maxsize_1_keeps_only_latest" time="0.001" /><testcase classname="tests.test_mic_agent.TestPutDropOldest" name="test_R02_size_never_exceeds_maxsize" time="0.001" /><testcase classname="tests.test_mic_agent.TestPutDropOldest" name="test_R02_put_drop_empty_exception_handled" time="0.001" /><testcase classname="tests.test_mic_agent.TestLoadConfigBadJson" name="test_R05_stt_bad_json_prints_warning" time="0.002" /><testcase classname="tests.test_mic_agent.TestLoadConfigBadJson" name="test_R01_gate_bad_json_prints_warning" time="0.002" /><testcase classname="tests.test_mic_agent.TestLoadConfigBadJson" name="test_R05_stt_all_fail_returns_empty" time="0.002" /><testcase classname="tests.test_mic_agent.TestLoadConfigBadJson" name="test_R01_gate_all_fail_returns_empty" time="0.002" /><testcase classname="tests.test_mic_agent.TestSighLoopFailure" name="test_R02_sigh_loop_model_fail_drains_queue_and_exits" time="0.502" /><testcase classname="tests.test_mic_agent.TestSighLoopFailure" name="test_R02_sigh_loop_model_fail_prints_error" time="0.503" /><testcase classname="tests.test_mic_agent.TestRecalibPoller" name="test_R02_poller_sets_event_on_requested" time="0.503" /><testcase classname="tests.test_mic_agent.TestRecalibPoller" name="test_R02_poller_handles_network_exception" time="1.002" /><testcase classname="tests.test_mic_agent.TestRecalibPoller" name="test_R02_poller_not_requested_no_event" time="0.503" /><testcase classname="tests.test_mic_agent.TestCalibLevelPoster" name="test_R02_poster_calls_post_when_active" time="0.152" /><testcase classname="tests.test_mic_agent.TestCalibLevelPoster" name="test_R02_poster_skips_when_inactive" time="0.302" /><testcase classname="tests.test_mic_agent.TestCalibLevelPoster" name="test_R02_poster_level_clamped_to_1" time="0.152" /><testcase classname="tests.test_mic_agent.TestSpeechAssembleLoop" name="test_R02_max_utterance_triggers_finish" time="1.536" /><testcase classname="tests.test_mic_agent.TestSpeechAssembleLoop" name="test_R02_loud_frames_produce_too_loud" time="1.517" /><testcase classname="tests.test_mic_agent.TestSpeechAssembleLoop" name="test_R02_empty_queue_no_crash" time="0.502" /><testcase classname="tests.test_mic_agent.TestReportCalib" name="test_R02_report_calib_calls_post" time="0.003" /><testcase classname="tests.test_mic_agent.TestReportCalib" name="test_R02_report_calib_phase_in_payload" time="0.002" /><testcase classname="tests.test_mic_agent.TestReportCalib" name="test_R02_report_calib_posts_to_correct_path" time="0.002" /><testcase classname="tests.test_mic_agent.TestReportCalib" name="test_R02_report_calib_speak_includes_text" time="0.002" /><testcase classname="tests.test_mic_agent.TestMeasureFrames" name="test_R02_measure_frames_returns_list" time="0.005" /><testcase classname="tests.test_mic_agent.TestMeasureFrames" name="test_R02_measure_frames_tuple_items" time="0.004" /><testcase classname="tests.test_mic_agent.TestMeasureFrames" name="test_R02_measure_frames_with_vad" time="0.006" /><testcase classname="tests.test_mic_agent.TestMeasureFrames" name="test_R02_measure_frames_collect_audio" time="0.004" /><testcase classname="tests.test_mic_agent.TestMeasureFrames" name="test_R02_measure_frames_updates_calib_live" time="0.003" /><testcase classname="tests.test_mic_agent.TestMeasureFrames" name="test_R02_measure_frames_zero_rms_when_silent" time="0.003" /><testcase classname="tests.test_mic_agent.TestCalibrate" name="test_R02_calibrate_returns_float" time="0.004" /><testcase classname="tests.test_mic_agent.TestCalibrate" name="test_R02_calibrate_upper_greater_than_noise" time="0.003" /><testcase classname="tests.test_mic_agent.TestCalibrate" name="test_R02_calibrate_resets_calib_live_active" time="0.005" /><testcase classname="tests.test_mic_agent.TestCalibrate" name="test_R02_calibrate_reports_noise_and_done" time="0.003" /><testcase classname="tests.test_mic_agent.TestCalibrate" name="test_R02_calibrate_low_snr_warns" time="0.004" /><testcase classname="tests.test_mic_agent.TestCalibrate" name="test_R02_calibrate_exception_resets_active" time="0.003" /><testcase classname="tests.test_mic_agent.TestCalibrate" name="test_R02_calibrate_autotune_puts_to_tune_q" time="0.004" /><testcase classname="tests.test_mic_agent.TestSighLoopWithMockModel" name="test_R02_sigh_loop_detects_sigh_and_posts" time="0.007" /><testcase classname="tests.test_mic_agent.TestSighLoopWithMockModel" name="test_R02_sigh_loop_below_threshold_no_detect" time="0.509" /><testcase classname="tests.test_mic_agent.TestSighLoopWithMockModel" name="test_R02_sigh_loop_heartbeat_sent" time="0.503" /><testcase classname="tests.test_mic_agent.TestSighLoopWithMockModel" name="test_R02_sigh_loop_no_sigh_idx_prints_warning" time="0.503" /><testcase classname="tests.test_mic_agent.TestAudioSupervisor" name="test_R02_supervisor_puts_frames_to_sigh_q" time="0.004" /><testcase classname="tests.test_mic_agent.TestAudioSupervisor" name="test_R02_supervisor_puts_frames_to_speech_q" time="0.004" /><testcase classname="tests.test_mic_agent.TestAudioSupervisor" name="test_R02_supervisor_stream_exception_retries" time="0.002" /><testcase classname="tests.test_mic_agent.TestAudioSupervisor" name="test_R02_supervisor_recalib_clears_flag" time="0.004" /><testcase classname="tests.test_mic_agent.TestMain" name="test_R02_main_exits_if_both_disabled" time="0.003" /><testcase classname="tests.test_mic_agent.TestMain" name="test_R02_main_calls_audio_supervisor" time="0.010" /><testcase classname="tests.test_mic_agent.TestMain" name="test_R02_main_no_sigh_skips_sigh_thread" time="0.008" /><testcase classname="tests.test_mic_agent.TestMain" name="test_R02_main_no_speech_skips_speech_threads" time="0.006" /><testcase classname="tests.test_mic_agent.TestMain" name="test_R02_main_gate_passed_to_supervisor" time="0.005" /><testcase classname="tests.test_mic_agent.TestMain" name="test_R02_main_stT_cfg_beam_from_cli" time="0.005" /><testcase classname="tests.test_mic_agent.TestMain" name="test_R02_main_prints_banner" time="0.006" /><testcase classname="tests.test_mic_agent.TestLoadConfigBranches" name="test_R05_stt_explicit_empty_string_skipped" time="0.001" /><testcase classname="tests.test_mic_agent.TestLoadConfigBranches" name="test_R01_gate_explicit_empty_string_skipped" time="0.001" /><testcase classname="tests.test_mic_agent.TestLoadConfigBranches" name="test_R05_stt_duplicate_path_seen_skipped" time="0.002" /><testcase classname="tests.test_mic_agent.TestLoadConfigBranches" name="test_R01_gate_duplicate_path_seen_skipped" time="0.002" /><testcase classname="tests.test_mic_agent.TestMeasureFramesDirect" name="test_R02_measure_frames_basic" time="0.004" /><testcase classname="tests.test_mic_agent.TestMeasureFramesDirect" name="test_R02_measure_frames_vad_false" time="0.003" /><testcase classname="tests.test_mic_agent.TestMeasureFramesDirect" name="test_R02_measure_frames_vad_true" time="0.005" /><testcase classname="tests.test_mic_agent.TestMeasureFramesDirect" name="test_R02_measure_frames_collect_audio_true" time="0.003" /><testcase classname="tests.test_mic_agent.TestMeasureFramesDirect" name="test_R02_measure_frames_rms_correct" time="0.003" /><testcase classname="tests.test_mic_agent.TestRunAutotune" name="test_R02_autotune_updates_stT_cfg_beam" time="0.005" /><testcase classname="tests.test_mic_agent.TestRunAutotune" name="test_R02_autotune_picks_lower_cer" time="0.003" /><testcase classname="tests.test_mic_agent.TestRunAutotune" name="test_R02_autotune_prints_result" time="0.003" /><testcase classname="tests.test_mic_agent.TestRunAutotune" name="test_R02_autotune_respects_stT_lock" time="0.003" /><testcase classname="tests.test_mic_agent.TestSpeechProcessLoop" name="test_R02_speech_process_loop_posts_emotion" time="0.006" /><testcase classname="tests.test_mic_agent.TestSpeechProcessLoop" name="test_R02_speech_process_loop_too_loud_skipped" time="1.007" /><testcase classname="tests.test_mic_agent.TestSpeechProcessLoop" name="test_R02_speech_process_loop_short_text_skipped" time="1.006" /><testcase classname="tests.test_mic_agent.TestSpeechProcessLoop" name="test_R02_speech_process_loop_heartbeat_sent" time="0.507" /><testcase classname="tests.test_mic_agent.TestSpeechProcessLoop" name="test_R02_speech_process_loop_autotune_processed" time="0.007" /><testcase classname="tests.test_mic_agent.TestSpeechProcessLoop" name="test_R02_speech_process_loop_drains_stale_utterances" time="0.006" /><testcase classname="tests.test_mic_agent.TestMainSpeechBranches" name="test_R02_main_speech_no_stt_config_prints_msg" time="0.011" /><testcase classname="tests.test_mic_agent.TestMainSpeechBranches" name="test_R02_main_speech_with_stt_config_prints_path" time="0.010" /><testcase classname="tests.test_mic_agent.TestMainSpeechBranches" name="test_R02_main_speech_with_gate_config_prints_path" time="0.011" /><testcase classname="tests.test_mic_agent.TestMainSpeechBranches" name="test_R02_main_speech_no_gate_config_prints_default" time="0.009" /><testcase classname="tests.test_mic_agent.TestMainSpeechBranches" name="test_R02_main_gate_margin_from_config" time="0.009" /><testcase classname="tests.test_mic_agent.TestMainSpeechBranches" name="test_R02_main_pick_from_stt_config" time="0.011" /><testcase classname="tests.test_mic_agent.TestMainSpeechBranches" name="test_R02_main_initial_calibrate_triggered" time="0.008" /><testcase classname="tests.test_mic_agent.TestMainSpeechBranches" name="test_R02_main_no_calibrate_flag" time="0.009" /><testcase classname="tests.test_mic_agent.TestAudioSupervisorCalibFail" name="test_R02_supervisor_calib_fail_sets_gate_inf" time="0.004" /><testcase classname="tests.test_mic_agent.TestLoadConfigReturnEmpty" name="test_R05_stt_returns_empty_when_no_file_anywhere" time="0.002" /><testcase classname="tests.test_mic_agent.TestLoadConfigReturnEmpty" name="test_R01_gate_returns_empty_when_no_file_anywhere" time="0.002" /><testcase classname="tests.test_mic_agent.TestLoadConfigReturnEmpty" name="test_R05_stt_explicit_not_found_no_fallback" time="0.002" /><testcase classname="tests.test_mic_agent.TestLoadConfigReturnEmpty" name="test_R01_gate_explicit_not_found_no_fallback" time="0.002" /><testcase classname="tests.test_mic_agent.TestLoadYamnet" name="test_R02_returns_6_tuple" time="0.005" /><testcase classname="tests.test_mic_agent.TestLoadYamnet" name="test_R02_sigh_idx_nonempty_with_sigh_labels" time="0.005" /><testcase classname="tests.test_mic_agent.TestLoadYamnet" name="test_R02_sigh_idx_empty_without_sigh_labels" time="0.005" /><testcase classname="tests.test_mic_agent.TestLoadYamnet" name="test_R02_window_len_1d_shape" time="0.007" /><testcase classname="tests.test_mic_agent.TestLoadYamnet" name="test_R02_window_len_2d_shape" time="0.005" /><testcase classname="tests.test_mic_agent.TestLoadYamnet" name="test_R02_prints_completion" time="0.005" /><testcase classname="tests.test_mic_agent.TestLoadYamnet" name="test_R02_tensorflow_fallback" time="0.005" /><testcase classname="tests.test_mic_agent.TestEmotionClassifier" name="test_R02_init_succeeds" time="0.011" /><testcase classname="tests.test_mic_agent.TestEmotionClassifier" name="test_R02_predict_returns_dict" time="0.013" /><testcase classname="tests.test_mic_agent.TestEmotionClassifier" name="test_R02_predict_top_is_valid_emotion" time="0.012" /><testcase classname="tests.test_mic_agent.TestEmotionClassifier" name="test_R02_predict_probs_has_all_emotions" time="0.012" /><testcase classname="tests.test_mic_agent.TestSpeechAssembleLoopFinishEmpty" name="test_R02_finish_empty_voiced_rms_no_crash" time="1.006" /><testcase classname="tests.test_mic_agent.TestSpeechAssembleLoopFinishEmpty" name="test_R02_finish_after_voiced_silence_tail" time="2.049" /><testcase classname="tests.test_mic_agent.TestSpeechProcessLoopExtra" name="test_R02_onnxruntime_severity_called" time="0.509" /><testcase classname="tests.test_mic_agent.TestSpeechProcessLoopExtra" name="test_R02_drain_loop_with_extra_item" time="0.009" /><testcase classname="tests.test_mic_agent.TestSpeechProcessLoopExtra" name="test_R02_drain_get_nowait_empty_exception" time="0.009" /><testcase classname="tests.test_mic_agent.TestMainGateMarginBranch" name="test_R02_gate_margin_cli_overrides_config" time="0.013" /><testcase classname="tests.test_mic_agent.TestMainGateMarginBranch" name="test_R02_gate_margin_none_uses_config" time="0.012" /><testcase classname="tests.test_model.TestModelFiles" name="test_R02_yamnet_model_exists" time="0.001" /><testcase classname="tests.test_model.TestModelFiles" name="test_R02_classifier_exists" time="0.001" /><testcase classname="tests.test_model.TestModelFiles" name="test_R02_threshold_exists" time="0.001" /><testcase classname="tests.test_model.TestModelFiles" name="test_R02_class_map_exists" time="0.001" /><testcase classname="tests.test_model.TestModelFiles" name="test_R02_threshold_valid_range" time="0.001" /><testcase classname="tests.test_model.TestModelFiles" name="test_R02_classifier_loadable" time="0.002" /><testcase classname="tests.test_model.TestModelFiles" name="test_R02_class_map_readable" time="0.002" /><testcase classname="tests.test_open_camera_patch.TestOpenCamera" name="test_C01_first_index_success" time="0.004" /><testcase classname="tests.test_open_camera_patch.TestOpenCamera" name="test_C01_skips_unopened_then_succeeds" time="0.005" /><testcase classname="tests.test_open_camera_patch.TestOpenCamera" name="test_C01_warmup_retry_then_frame" time="0.003" /><testcase classname="tests.test_open_camera_patch.TestOpenCamera" name="test_C01_gstreamer_fallback" time="0.006" /><testcase classname="tests.test_open_camera_patch.TestOpenCamera" name="test_C01_all_fail_raises" time="0.006" /><testcase classname="tests.test_open_camera_patch.TestOpenCamera" name="test_C01_warmup_exhausted_then_gstreamer_fails" time="0.008" /><testcase classname="tests.test_outlook_sync.TestToNaiveKst" name="test_R04_utc_datetime_converted_to_kst" time="0.001" /><testcase classname="tests.test_outlook_sync.TestToNaiveKst" name="test_R04_naive_datetime_unchanged" time="0.001" /><testcase classname="tests.test_outlook_sync.TestToNaiveKst" name="test_R04_date_converts_to_midnight" time="0.001" /><testcase classname="tests.test_outlook_sync.TestToNaiveKst" name="test_R04_result_has_no_timezone" time="0.001" /><testcase classname="tests.test_outlook_sync.TestToNaiveKst" name="test_R04_kst_plus9_offset" time="0.001" /><testcase classname="tests.test_outlook_sync.TestParseIcsDatetime" name="test_R04_date_only_8chars" time="0.001" /><testcase classname="tests.test_outlook_sync.TestParseIcsDatetime" name="test_R04_utc_z_suffix" time="0.002" /><testcase classname="tests.test_outlook_sync.TestParseIcsDatetime" name="test_R04_local_datetime" time="0.002" /><testcase classname="tests.test_outlook_sync.TestParseIcsDatetime" name="test_R04_invalid_returns_none" time="0.001" /><testcase classname="tests.test_outlook_sync.TestParseIcsManual" name="test_R04_parses_one_event" time="0.001" /><testcase classname="tests.test_outlook_sync.TestParseIcsManual" name="test_R04_parses_summary" time="0.001" /><testcase classname="tests.test_outlook_sync.TestParseIcsManual" name="test_R04_parses_datetime" time="0.001" /><testcase classname="tests.test_outlook_sync.TestParseIcsManual" name="test_R04_parses_description" time="0.001" /><testcase classname="tests.test_outlook_sync.TestParseIcsManual" name="test_R04_empty_ics_returns_empty_list" time="0.001" /><testcase classname="tests.test_outlook_sync.TestParseIcsManual" name="test_R04_event_without_dtstart_skipped" time="0.001" /><testcase classname="tests.test_outlook_sync.TestParseIcsManual" name="test_R04_multiple_events" time="0.001" /><testcase classname="tests.test_outlook_sync.TestReadWriteCalendar" name="test_R04_write_and_read_roundtrip" time="0.002" /><testcase classname="tests.test_outlook_sync.TestReadWriteCalendar" name="test_R04_read_nonexistent_returns_empty_list" time="0.002" /><testcase classname="tests.test_outlook_sync.TestGetSyncStatus" name="test_R04_returns_dict" time="0.001" /><testcase classname="tests.test_outlook_sync.TestGetSyncStatus" name="test_R04_has_required_keys" time="0.001" /><testcase classname="tests.test_outlook_sync.TestSyncNowNoUrl" name="test_R04_sync_now_no_url_returns_false" time="0.002" /><testcase classname="tests.test_outlook_sync.TestLoadConfig" name="test_R04_load_config_returns_dict" time="0.001" /><testcase classname="tests.test_outlook_sync.TestLoadConfig" name="test_R04_load_config_has_ics_url_key" time="0.001" /><testcase classname="tests.test_outlook_sync.TestLoadConfig" name="test_R04_load_config_has_sync_days_ahead" time="0.001" /><testcase classname="tests.test_outlook_sync.TestLoadConfig" name="test_R04_load_config_has_sync_days_past" time="0.001" /><testcase classname="tests.test_outlook_sync.TestLoadConfig" name="test_R04_sync_days_ahead_positive" time="0.001" /><testcase classname="tests.test_outlook_sync.TestLoadConfig" name="test_R04_custom_config_file" time="0.002" /><testcase classname="tests.test_outlook_sync.TestSyncNowWithMock" name="test_R04_sync_now_success_returns_true" time="0.144" /><testcase classname="tests.test_outlook_sync.TestSyncNowWithMock" name="test_R04_sync_now_updates_calendar_file" time="0.004" /><testcase classname="tests.test_outlook_sync.TestSyncNowWithMock" name="test_R04_sync_now_http_error_returns_false" time="0.003" /><testcase classname="tests.test_outlook_sync.TestSyncNowWithMock" name="test_R04_sync_status_updated_after_sync" time="0.004" /><testcase classname="tests.test_outlook_sync.TestLoadConfigCreate" name="test_R04_creates_default_config_when_missing" time="0.002" /><testcase classname="tests.test_outlook_sync.TestToNaiveKstNone" name="test_R04_non_date_returns_none" time="0.001" /><testcase classname="tests.test_outlook_sync.TestParseIcsWithLib" name="test_R04_lib_parses_event" time="0.001" /><testcase classname="tests.test_outlook_sync.TestParseIcsWithLib" name="test_R04_lib_skips_event_without_dtstart" time="0.001" /><testcase classname="tests.test_outlook_sync.TestParseIcsWithLib" name="test_R04_lib_skips_when_dt_unparseable" time="0.001" /><testcase classname="tests.test_outlook_sync.TestParseIcsWithLib" name="test_R04_dispatch_uses_lib_when_available" time="0.001" /><testcase classname="tests.test_outlook_sync.TestParseIcsWithLib" name="test_R04_dispatch_falls_back_to_manual_without_icalendar" time="0.001" /><testcase classname="tests.test_outlook_sync.TestParseIcsManualEdge" name="test_R04_malformed_line_skipped" time="0.001" /><testcase classname="tests.test_outlook_sync.TestReadCalendarCorrupt" name="test_R04_corrupt_file_returns_empty" time="0.002" /><testcase classname="tests.test_outlook_sync.TestSyncNowFilteringAndErrors" name="test_R04_filters_none_and_out_of_range" time="0.003" /><testcase classname="tests.test_outlook_sync.TestSyncNowFilteringAndErrors" name="test_R04_request_exception_returns_false" time="0.002" /><testcase classname="tests.test_outlook_sync.TestStartAutoSync" name="test_R04_starts_thread_and_first_sync" time="0.001" /><testcase classname="tests.test_outlook_sync.TestStartAutoSync" name="test_R04_loop_body_runs_initial_and_periodic_sync" time="0.001" /><testcase classname="tests.test_radar_signal_processor.TestTimedBuffer" name="test_R01_initial_length_zero" time="0.001" /><testcase classname="tests.test_radar_signal_processor.TestTimedBuffer" name="test_R01_add_increases_length" time="0.001" /><testcase classname="tests.test_radar_signal_processor.TestTimedBuffer" name="test_R01_add_multiple" time="0.001" /><testcase classname="tests.test_radar_signal_processor.TestTimedBuffer" name="test_R01_get_window_returns_recent" time="0.001" /><testcase classname="tests.test_radar_signal_processor.TestTimedBuffer" name="test_R01_get_window_empty_if_all_old" time="0.001" /><testcase classname="tests.test_radar_signal_processor.TestTimedBuffer" name="test_R01_tail_returns_last_n" time="0.001" /><testcase classname="tests.test_radar_signal_processor.TestTimedBuffer" name="test_R01_first_ts_returns_oldest" time="0.001" /><testcase classname="tests.test_radar_signal_processor.TestTimedBuffer" name="test_R01_first_ts_empty_returns_none" time="0.001" /><testcase classname="tests.test_radar_signal_processor.TestTimedBuffer" name="test_R01_thread_safe_concurrent_add" time="0.009" /><testcase classname="tests.test_radar_signal_processor.TestConstants" name="test_R01_windows_keys" time="0.001" /><testcase classname="tests.test_radar_signal_processor.TestConstants" name="test_R01_windows_values" time="0.001" /><testcase classname="tests.test_radar_signal_processor.TestConstants" name="test_R01_default_weights_config_keys" time="0.001" /><testcase classname="tests.test_radar_signal_processor.TestConstants" name="test_R01_positive_emotions_only_joy" time="0.001" /><testcase classname="tests.test_radar_signal_processor.TestConstants" name="test_R01_negative_emotions_5_classes" time="0.001" /><testcase classname="tests.test_radar_signal_processor.TestConstants" name="test_R01_valid_speech_emotions_6_classes" time="0.001" /><testcase classname="tests.test_radar_signal_processor.TestConstants" name="test_R01_anger_ratio_threshold" time="0.001" /><testcase classname="tests.test_radar_signal_processor.TestConstants" name="test_R01_happy_ratio_threshold" time="0.001" /><testcase classname="tests.test_radar_signal_processor.TestInputMethods" name="test_R01_add_expression_normal" time="0.001" /><testcase classname="tests.test_radar_signal_processor.TestInputMethods" name="test_R01_add_expression_normalizes_보통" time="0.001" /><testcase classname="tests.test_radar_signal_processor.TestInputMethods" name="test_R01_add_expression_normalizes_중립" time="0.001" /><testcase classname="tests.test_radar_signal_processor.TestInputMethods" name="test_R01_add_expression_normalizes_neutral" time="0.001" /><testcase classname="tests.test_radar_signal_processor.TestInputMethods" name="test_R01_add_sigh_true" time="0.001" /><testcase classname="tests.test_radar_signal_processor.TestInputMethods" name="test_R01_add_sigh_false_heartbeat" time="0.001" /><testcase classname="tests.test_radar_signal_processor.TestInputMethods" name="test_R01_add_speech_emotion_valid" time="0.001" /><testcase classname="tests.test_radar_signal_processor.TestInputMethods" name="test_R01_add_speech_emotion_invalid_raises" time="0.001" /><testcase classname="tests.test_radar_signal_processor.TestInputMethods" name="test_R01_mark_sigh_alive_updates_ts" time="0.001" /><testcase classname="tests.test_radar_signal_processor.TestInputMethods" name="test_R01_mark_speech_alive_updates_ts" time="0.001" /><testcase classname="tests.test_radar_signal_processor.TestInputMethods" name="test_R01_device_alive_false_without_input" time="0.001" /><testcase classname="tests.test_radar_signal_processor.TestRepresentativeExpr" name="test_R01_empty_returns_불명" time="0.001" /><testcase classname="tests.test_radar_signal_processor.TestRepresentativeExpr" name="test_R01_anger_ratio_30pct_returns_분노" time="0.001" /><testcase classname="tests.test_radar_signal_processor.TestRepresentativeExpr" name="test_R01_anger_below_30pct_not_분노" time="0.001" /><testcase classname="tests.test_radar_signal_processor.TestRepresentativeExpr" name="test_R01_happy_ratio_50pct_returns_행복" time="0.002" /><testcase classname="tests.test_radar_signal_processor.TestRepresentativeExpr" name="test_R01_happy_below_50pct_not_행복" time="0.001" /><testcase classname="tests.test_radar_signal_processor.TestRepresentativeExpr" name="test_R01_all_normal_returns_일반" time="0.001" /><testcase classname="tests.test_radar_signal_processor.TestRepresentativeExpr" name="test_R01_anger_priority_over_happy" time="0.001" /><testcase classname="tests.test_radar_signal_processor.TestSignalPriority" name="test_R01_rule1_sigh_always_red" time="0.001" /><testcase classname="tests.test_radar_signal_processor.TestSignalPriority" name="test_R01_rule2_anger_red" time="0.001" /><testcase classname="tests.test_radar_signal_processor.TestSignalPriority" name="test_R01_rule2_happy_green" time="0.001" /><testcase classname="tests.test_radar_signal_processor.TestSignalPriority" name="test_R01_rule3_score_based_red" time="0.001" /><testcase classname="tests.test_radar_signal_processor.TestSignalPriority" name="test_R01_rule4_default_yellow" time="0.001" /><testcase classname="tests.test_radar_signal_processor.TestSignalPriority" name="test_R01_sigh_overrides_happy" time="0.001" /><testcase classname="tests.test_radar_signal_processor.TestSignalPriority" name="test_R01_decide_window_returns_required_keys" time="0.001" /><testcase classname="tests.test_radar_signal_processor.TestSignalPriority" name="test_R01_decide_window_data_points_keys" time="0.001" /><testcase classname="tests.test_radar_signal_processor.TestPublicAPIs" name="test_R01_get_all_signals_has_3_windows" time="0.001" /><testcase classname="tests.test_radar_signal_processor.TestPublicAPIs" name="test_R01_get_all_signals_has_updated_at" time="0.001" /><testcase classname="tests.test_radar_signal_processor.TestPublicAPIs" name="test_R01_get_status_has_required_keys" time="0.001" /><testcase classname="tests.test_radar_signal_processor.TestPublicAPIs" name="test_R01_get_status_is_ready_false_initially" time="0.001" /><testcase classname="tests.test_radar_signal_processor.TestPublicAPIs" name="test_R01_get_status_is_ready_true_after_add" time="0.001" /><testcase classname="tests.test_radar_signal_processor.TestPublicAPIs" name="test_R01_get_status_uptime_positive" time="0.001" /><testcase classname="tests.test_radar_signal_processor.TestPublicAPIs" name="test_R01_get_recent_data_structure" time="0.001" /><testcase classname="tests.test_radar_signal_processor.TestPublicAPIs" name="test_R01_get_recent_data_returns_list" time="0.001" /><testcase classname="tests.test_radar_signal_processor.TestPublicAPIs" name="test_R01_get_recent_data_item_has_t_v" time="0.001" /><testcase classname="tests.test_radar_signal_processor.TestSingleton" name="test_R01_get_processor_returns_instance" time="0.001" /><testcase classname="tests.test_radar_signal_processor.TestSingleton" name="test_R01_get_processor_same_instance" time="0.001" /><testcase classname="tests.test_radar_signal_processor.TestSingleton" name="test_R01_inner_lock_check_already_set" time="0.001" /><testcase classname="tests.test_radar_signal_processor.TestLoadWeightsConfig" name="test_R01_explicit_path_used" time="0.002" /><testcase classname="tests.test_radar_signal_processor.TestLoadWeightsConfig" name="test_R01_seen_dedup_continue" time="0.002" /><testcase classname="tests.test_radar_signal_processor.TestLoadWeightsConfig" name="test_R01_no_emotion_weights_key_in_json" time="0.002" /><testcase classname="tests.test_radar_signal_processor.TestLoadWeightsConfig" name="test_R01_null_scalar_skipped" time="0.002" /><testcase classname="tests.test_radar_signal_processor.TestLoadWeightsConfig" name="test_R01_bad_json_exception_fallback" time="0.002" /><testcase classname="tests.test_radar_signal_processor.TestLoadWeightsConfig" name="test_R01_no_config_returns_default" time="0.002" /><testcase classname="tests.test_radar_signal_processor.TestSpeechUtteranceRisk" name="test_R01_default_weights_when_none" time="0.001" /><testcase classname="tests.test_radar_signal_processor.TestSpeechUtteranceRisk" name="test_R01_top_prob_computed_from_probs" time="0.001" /><testcase classname="tests.test_radar_signal_processor.TestSpeechUtteranceRisk" name="test_R01_empty_probs_top_prob_zero" time="0.001" /><testcase classname="tests.test_radar_signal_processor.TestSpeechUtteranceRisk" name="test_R01_low_conf_attenuation" time="0.001" /><testcase classname="tests.test_radar_signal_processor.TestSpeechUtteranceRisk" name="test_R01_happy_gate_skips_joy" time="0.001" /><testcase classname="tests.test_radar_signal_processor.TestSpeechUtteranceRisk" name="test_R01_happy_above_gate_contributes" time="0.001" /><testcase classname="tests.test_radar_signal_processor.TestRadarSignalProcessorNewFeatures" name="test_R01_no_config_prints_default_message" time="0.002" /><testcase classname="tests.test_radar_signal_processor.TestRadarSignalProcessorNewFeatures" name="test_R01_reload_weights_returns_path" time="0.002" /><testcase classname="tests.test_radar_signal_processor.TestRadarSignalProcessorNewFeatures" name="test_R01_reload_weights_updates_cfg" time="0.002" /><testcase classname="tests.test_radar_signal_processor.TestRadarSignalProcessorNewFeatures" name="test_R01_add_speech_with_probs_stores_risk" time="0.001" /><testcase classname="tests.test_radar_signal_processor.TestRadarSignalProcessorNewFeatures" name="test_R01_add_speech_explicit_risk_skips_calc" time="0.001" /><testcase classname="tests.test_radar_signal_processor.TestRadarSignalProcessorNewFeatures" name="test_R01_add_speech_top_prob_stored" time="0.001" /><testcase classname="tests.test_radar_signal_processor.TestDecideWindowExtra" name="test_R01_positive_speech_no_neg_count" time="0.001" /><testcase classname="tests.test_radar_signal_processor.TestDecideWindowExtra" name="test_R01_negative_speech_dict_increments_neg_count" time="0.001" /><testcase classname="tests.test_radar_signal_processor.TestDecideWindowExtra" name="test_R01_legacy_string_speech_in_buffer" time="0.001" /><testcase classname="tests.test_radar_signal_processor.TestDecideWindowExtra" name="test_R01_legacy_positive_string_no_neg_count" time="0.001" /><testcase classname="tests.test_radar_signal_processor.TestDecideWindowExtra" name="test_R01_red_via_score_not_hard_rule" time="0.001" /><testcase classname="tests.test_radar_signal_processor.TestDecideWindowExtra" name="test_R01_green_via_score" time="0.001" /><testcase classname="tests.test_radar_signal_processor.TestDecideWindowExtra" name="test_R01_get_all_signals_has_thresholds" time="0.001" /><testcase classname="tests.test_radar_signal_processor.TestDecideWindowExtra" name="test_R01_decide_window_new_keys" time="0.001" /><testcase classname="tests.test_run_all.TestParseArgs" name="test_A01_defaults" time="0.001" /><testcase classname="tests.test_run_all.TestParseArgs" name="test_A01_role_space_form" time="0.001" /><testcase classname="tests.test_run_all.TestParseArgs" name="test_A01_role_equals_form" time="0.001" /><testcase classname="tests.test_run_all.TestParseArgs" name="test_A01_unknown_role_falls_back_to_all" time="0.001" /><testcase classname="tests.test_run_all.TestParseArgs" name="test_A01_cam_idx_from_digit" time="0.001" /><testcase classname="tests.test_run_all.TestParseArgs" name="test_A01_radar_host_space_and_equals" time="0.001" /><testcase classname="tests.test_run_all.TestParseArgs" name="test_A01_device" time="0.001" /><testcase classname="tests.test_run_all.TestParseArgs" name="test_A01_boolean_flags" time="0.001" /><testcase classname="tests.test_run_all.TestParseArgs" name="test_A01_whisper_beam_compute_stt" time="0.001" /><testcase classname="tests.test_run_all.TestParseArgs" name="test_A01_combined" time="0.001" /><testcase classname="tests.test_run_all.TestParseArgs" name="test_A01_unknown_arg_ignored" time="0.001" /><testcase classname="tests.test_run_all.TestParseArgs" name="test_A01_remaining_equals_and_space_arms" time="0.001" /><testcase classname="tests.test_run_all.TestWaitForServer" name="test_A02_returns_true_on_success" time="0.002" /><testcase classname="tests.test_run_all.TestWaitForServer" name="test_A02_returns_false_on_timeout" time="0.001" /><testcase classname="tests.test_run_all.TestWaitForServer" name="test_A02_retries_then_succeeds" time="0.002" /><testcase classname="tests.test_run_all.TestStartAndForward" name="test_A03_start_registers_proc" time="0.003" /><testcase classname="tests.test_run_all.TestStartAndForward" name="test_A03_forward_prints_lines" time="0.002" /><testcase classname="tests.test_run_all.TestShutdown" name="test_A04_terminates_and_kills" time="0.005" /><testcase classname="tests.test_run_all.TestShutdown" name="test_A04_swallows_terminate_kill_errors" time="0.003" /><testcase classname="tests.test_run_all.TestMain" name="test_A05_check_role_delegates_and_exits" time="0.001" /><testcase classname="tests.test_run_all.TestMain" name="test_A05_check_role_missing_script" time="0.001" /><testcase classname="tests.test_run_all.TestMain" name="test_A05_mic_role_starts_then_monitors" time="0.003" /><testcase classname="tests.test_run_all.TestMain" name="test_A05_check_role_with_device" time="0.001" /><testcase classname="tests.test_run_all.TestMain" name="test_A05_all_role_builds_mic_cmd_with_flags" time="0.004" /><testcase classname="tests.test_run_all.TestMain" name="test_A05_no_procs_returns_early" time="0.002" /><testcase classname="tests.test_run_all.TestMain" name="test_A05_server_not_ready_logs_warning" time="0.003" /><testcase classname="tests.test_run_all.TestMain" name="test_A05_monitor_keeps_alive_proc" time="0.004" /><testcase classname="tests.test_run_all.TestMain" name="test_A05_keyboard_interrupt_triggers_shutdown" time="0.002" /></testsuite></testsuites>